15:44:57.998 [restartedMain] INFO  NewspapersApplication[logStarting:51] - Starting NewspapersApplication using Java 17.0.8 with PID 31468 (C:\Users\qdh1\Desktop\Newspapers\newspapers\Newspapers\target\classes started by huan in C:\Users\qdh1\Desktop\Newspapers)
15:44:58.009 [restartedMain] INFO  NewspapersApplication[logStartupProfileInfo:637] - No active profile set, falling back to 1 default profile: "default"
15:44:58.133 [restartedMain] INFO  DevToolsPropertyDefaultsPostProcessor[logTo:250] - Devtools property defaults active! Set 'spring.devtools.add-properties' to 'false' to disable
15:44:58.133 [restartedMain] INFO  DevToolsPropertyDefaultsPostProcessor[logTo:250] - For additional web related logging consider setting the 'logging.level.web' property to 'DEBUG'
15:44:59.862 [restartedMain] INFO  RepositoryConfigurationDelegate[registerRepositoriesIn:138] - Bootstrapping Spring Data JPA repositories in DEFAULT mode.
15:44:59.951 [restartedMain] INFO  RepositoryConfigurationDelegate[registerRepositoriesIn:208] - Finished Spring Data repository scanning in 78 ms. Found 2 JPA repository interfaces.
15:45:00.867 [restartedMain] INFO  TomcatWebServer[initialize:108] - Tomcat initialized with port(s): 8080 (http)
15:45:00.885 [restartedMain] INFO  Http11NioProtocol[log:173] - Initializing ProtocolHandler ["http-nio-8080"]
15:45:00.889 [restartedMain] INFO  StandardService[log:173] - Starting service [Tomcat]
15:45:00.895 [restartedMain] INFO  StandardEngine[log:173] - Starting Servlet engine: [Apache Tomcat/10.1.13]
15:45:01.053 [restartedMain] INFO  [/][log:173] - Initializing Spring embedded WebApplicationContext
15:45:01.055 [restartedMain] INFO  ServletWebServerApplicationContext[prepareWebApplicationContext:291] - Root WebApplicationContext: initialization completed in 2919 ms
15:45:01.347 [restartedMain] INFO  LogHelper[logPersistenceUnitInformation:31] - HHH000204: Processing PersistenceUnitInfo [name: default]
15:45:01.497 [restartedMain] INFO  Version[logVersion:44] - HHH000412: Hibernate ORM core version 6.2.9.Final
15:45:01.501 [restartedMain] INFO  Environment[<clinit>:191] - HHH000406: Using bytecode reflection optimizer
15:45:01.800 [restartedMain] INFO  BytecodeProviderInitiator[buildBytecodeProvider:53] - HHH000021: Bytecode provider name : bytebuddy
15:45:02.368 [restartedMain] INFO  SpringPersistenceUnitInfo[addTransformer:87] - No LoadTimeWeaver setup: ignoring JPA class transformer
15:45:02.416 [restartedMain] INFO  HikariDataSource[getConnection:110] - HikariPool-1 - Starting...
15:45:02.832 [restartedMain] INFO  HikariPool[checkFailFast:565] - HikariPool-1 - Added connection org.postgresql.jdbc.PgConnection@13a74783
15:45:02.835 [restartedMain] INFO  HikariDataSource[getConnection:123] - HikariPool-1 - Start completed.
15:45:03.560 [restartedMain] INFO  BytecodeProviderInitiator[buildBytecodeProvider:53] - HHH000021: Bytecode provider name : bytebuddy
15:45:04.764 [restartedMain] INFO  JtaPlatformInitiator[initiateService:51] - HHH000490: Using JtaPlatform implementation: [org.hibernate.engine.transaction.jta.platform.internal.NoJtaPlatform]
15:45:04.873 [restartedMain] INFO  LocalContainerEntityManagerFactoryBean[buildNativeEntityManagerFactory:437] - Initialized JPA EntityManagerFactory for persistence unit 'default'
15:45:05.936 [restartedMain] WARN  JpaBaseConfiguration$JpaWebConfiguration[openEntityManagerInViewInterceptor:231] - spring.jpa.open-in-view is enabled by default. Therefore, database queries may be performed during view rendering. Explicitly configure spring.jpa.open-in-view to disable this warning
15:45:06.784 [restartedMain] INFO  OptionalLiveReloadServer[startServer:59] - LiveReload server is running on port 35729
15:45:06.811 [restartedMain] INFO  Http11NioProtocol[log:173] - Starting ProtocolHandler ["http-nio-8080"]
15:45:06.835 [restartedMain] INFO  TomcatWebServer[start:220] - Tomcat started on port(s): 8080 (http) with context path ''
15:45:06.852 [restartedMain] INFO  NewspapersApplication[logStarted:57] - Started NewspapersApplication in 9.871 seconds (process running for 11.794)
15:45:47.335 [File Watcher] INFO  LocalDevToolsAutoConfiguration$RestartingClassPathChangeChangedEventListener[onApplicationEvent:211] - Restarting due to 2 class path changes (1 addition, 0 deletions, 1 modification)
15:45:47.379 [Thread-5] INFO  Http11NioProtocol[log:173] - Pausing ProtocolHandler ["http-nio-8080"]
15:45:47.380 [Thread-5] INFO  StandardService[log:173] - Stopping service [Tomcat]
15:45:47.389 [Thread-5] INFO  Http11NioProtocol[log:173] - Stopping ProtocolHandler ["http-nio-8080"]
15:45:47.393 [Thread-5] INFO  Http11NioProtocol[log:173] - Destroying ProtocolHandler ["http-nio-8080"]
15:45:47.400 [Thread-5] INFO  LocalContainerEntityManagerFactoryBean[destroy:650] - Closing JPA EntityManagerFactory for persistence unit 'default'
15:45:47.406 [Thread-5] INFO  HikariDataSource[close:350] - HikariPool-1 - Shutdown initiated...
15:45:47.412 [Thread-5] INFO  HikariDataSource[close:352] - HikariPool-1 - Shutdown completed.
15:45:47.566 [restartedMain] INFO  NewspapersApplication[logStarting:51] - Starting NewspapersApplication using Java 17.0.8 with PID 31468 (C:\Users\qdh1\Desktop\Newspapers\newspapers\Newspapers\target\classes started by huan in C:\Users\qdh1\Desktop\Newspapers)
15:45:47.567 [restartedMain] INFO  NewspapersApplication[logStartupProfileInfo:637] - No active profile set, falling back to 1 default profile: "default"
15:45:48.133 [restartedMain] INFO  RepositoryConfigurationDelegate[registerRepositoriesIn:138] - Bootstrapping Spring Data JPA repositories in DEFAULT mode.
15:45:48.156 [restartedMain] INFO  RepositoryConfigurationDelegate[registerRepositoriesIn:208] - Finished Spring Data repository scanning in 21 ms. Found 2 JPA repository interfaces.
15:45:48.408 [restartedMain] INFO  TomcatWebServer[initialize:108] - Tomcat initialized with port(s): 8080 (http)
15:45:48.409 [restartedMain] INFO  Http11NioProtocol[log:173] - Initializing ProtocolHandler ["http-nio-8080"]
15:45:48.410 [restartedMain] INFO  StandardService[log:173] - Starting service [Tomcat]
15:45:48.411 [restartedMain] INFO  StandardEngine[log:173] - Starting Servlet engine: [Apache Tomcat/10.1.13]
15:45:48.451 [restartedMain] INFO  [/][log:173] - Initializing Spring embedded WebApplicationContext
15:45:48.451 [restartedMain] INFO  ServletWebServerApplicationContext[prepareWebApplicationContext:291] - Root WebApplicationContext: initialization completed in 879 ms
15:45:48.529 [restartedMain] INFO  LogHelper[logPersistenceUnitInformation:31] - HHH000204: Processing PersistenceUnitInfo [name: default]
15:45:48.548 [restartedMain] INFO  BytecodeProviderInitiator[buildBytecodeProvider:53] - HHH000021: Bytecode provider name : bytebuddy
15:45:48.548 [restartedMain] INFO  SpringPersistenceUnitInfo[addTransformer:87] - No LoadTimeWeaver setup: ignoring JPA class transformer
15:45:48.550 [restartedMain] INFO  HikariDataSource[getConnection:110] - HikariPool-2 - Starting...
15:45:48.647 [restartedMain] INFO  HikariPool[checkFailFast:565] - HikariPool-2 - Added connection org.postgresql.jdbc.PgConnection@3b814abf
15:45:48.650 [restartedMain] INFO  HikariDataSource[getConnection:123] - HikariPool-2 - Start completed.
15:45:48.719 [restartedMain] INFO  BytecodeProviderInitiator[buildBytecodeProvider:53] - HHH000021: Bytecode provider name : bytebuddy
15:45:48.783 [restartedMain] INFO  JtaPlatformInitiator[initiateService:51] - HHH000490: Using JtaPlatform implementation: [org.hibernate.engine.transaction.jta.platform.internal.NoJtaPlatform]
15:45:48.816 [restartedMain] INFO  LocalContainerEntityManagerFactoryBean[buildNativeEntityManagerFactory:437] - Initialized JPA EntityManagerFactory for persistence unit 'default'
15:45:49.091 [restartedMain] WARN  JpaBaseConfiguration$JpaWebConfiguration[openEntityManagerInViewInterceptor:231] - spring.jpa.open-in-view is enabled by default. Therefore, database queries may be performed during view rendering. Explicitly configure spring.jpa.open-in-view to disable this warning
15:45:49.436 [restartedMain] INFO  OptionalLiveReloadServer[startServer:59] - LiveReload server is running on port 35729
15:45:49.460 [restartedMain] INFO  Http11NioProtocol[log:173] - Starting ProtocolHandler ["http-nio-8080"]
15:45:49.467 [restartedMain] INFO  TomcatWebServer[start:220] - Tomcat started on port(s): 8080 (http) with context path ''
15:45:49.484 [restartedMain] INFO  NewspapersApplication[logStarted:57] - Started NewspapersApplication in 1.997 seconds (process running for 54.427)
15:45:49.489 [restartedMain] INFO  ConditionEvaluationDeltaLoggingListener[onApplicationEvent:63] - Condition evaluation unchanged
15:47:20.352 [http-nio-8080-exec-2] INFO  [/][log:173] - Initializing Spring DispatcherServlet 'dispatcherServlet'
15:47:20.354 [http-nio-8080-exec-2] INFO  DispatcherServlet[initServletBean:532] - Initializing Servlet 'dispatcherServlet'
15:47:20.355 [http-nio-8080-exec-2] INFO  DispatcherServlet[initServletBean:554] - Completed initialization in 1 ms
15:49:49.693 [SpringApplicationShutdownHook] INFO  LocalContainerEntityManagerFactoryBean[destroy:650] - Closing JPA EntityManagerFactory for persistence unit 'default'
15:49:49.695 [SpringApplicationShutdownHook] INFO  HikariDataSource[close:350] - HikariPool-2 - Shutdown initiated...
15:49:49.698 [SpringApplicationShutdownHook] INFO  HikariDataSource[close:352] - HikariPool-2 - Shutdown completed.
15:51:12.620 [restartedMain] INFO  NewspapersApplication[logStarting:51] - Starting NewspapersApplication using Java 17.0.8 with PID 50992 (C:\Users\qdh1\Desktop\Newspapers\newspapers\Newspapers\target\classes started by huan in C:\Users\qdh1\Desktop\Newspapers)
15:51:12.627 [restartedMain] INFO  NewspapersApplication[logStartupProfileInfo:637] - No active profile set, falling back to 1 default profile: "default"
15:51:12.940 [restartedMain] INFO  DevToolsPropertyDefaultsPostProcessor[logTo:250] - Devtools property defaults active! Set 'spring.devtools.add-properties' to 'false' to disable
15:51:12.941 [restartedMain] INFO  DevToolsPropertyDefaultsPostProcessor[logTo:250] - For additional web related logging consider setting the 'logging.level.web' property to 'DEBUG'
15:51:15.722 [restartedMain] INFO  RepositoryConfigurationDelegate[registerRepositoriesIn:138] - Bootstrapping Spring Data JPA repositories in DEFAULT mode.
15:51:15.876 [restartedMain] INFO  RepositoryConfigurationDelegate[registerRepositoriesIn:208] - Finished Spring Data repository scanning in 116 ms. Found 2 JPA repository interfaces.
15:51:17.573 [restartedMain] INFO  TomcatWebServer[initialize:108] - Tomcat initialized with port(s): 8080 (http)
15:51:17.598 [restartedMain] INFO  Http11NioProtocol[log:173] - Initializing ProtocolHandler ["http-nio-8080"]
15:51:17.603 [restartedMain] INFO  StandardService[log:173] - Starting service [Tomcat]
15:51:17.604 [restartedMain] INFO  StandardEngine[log:173] - Starting Servlet engine: [Apache Tomcat/10.1.13]
15:51:17.988 [restartedMain] INFO  [/][log:173] - Initializing Spring embedded WebApplicationContext
15:51:17.991 [restartedMain] INFO  ServletWebServerApplicationContext[prepareWebApplicationContext:291] - Root WebApplicationContext: initialization completed in 5034 ms
15:51:18.493 [restartedMain] INFO  LogHelper[logPersistenceUnitInformation:31] - HHH000204: Processing PersistenceUnitInfo [name: default]
15:51:18.972 [restartedMain] INFO  Version[logVersion:44] - HHH000412: Hibernate ORM core version 6.2.9.Final
15:51:18.978 [restartedMain] INFO  Environment[<clinit>:191] - HHH000406: Using bytecode reflection optimizer
15:51:19.693 [restartedMain] INFO  BytecodeProviderInitiator[buildBytecodeProvider:53] - HHH000021: Bytecode provider name : bytebuddy
15:51:20.360 [restartedMain] INFO  SpringPersistenceUnitInfo[addTransformer:87] - No LoadTimeWeaver setup: ignoring JPA class transformer
15:51:20.427 [restartedMain] INFO  HikariDataSource[getConnection:110] - HikariPool-1 - Starting...
15:51:21.239 [restartedMain] INFO  HikariPool[checkFailFast:565] - HikariPool-1 - Added connection org.postgresql.jdbc.PgConnection@619b4ee0
15:51:21.242 [restartedMain] INFO  HikariDataSource[getConnection:123] - HikariPool-1 - Start completed.
15:51:22.071 [restartedMain] INFO  BytecodeProviderInitiator[buildBytecodeProvider:53] - HHH000021: Bytecode provider name : bytebuddy
15:51:23.407 [restartedMain] INFO  JtaPlatformInitiator[initiateService:51] - HHH000490: Using JtaPlatform implementation: [org.hibernate.engine.transaction.jta.platform.internal.NoJtaPlatform]
15:51:23.485 [restartedMain] INFO  LocalContainerEntityManagerFactoryBean[buildNativeEntityManagerFactory:437] - Initialized JPA EntityManagerFactory for persistence unit 'default'
15:51:24.685 [restartedMain] WARN  JpaBaseConfiguration$JpaWebConfiguration[openEntityManagerInViewInterceptor:231] - spring.jpa.open-in-view is enabled by default. Therefore, database queries may be performed during view rendering. Explicitly configure spring.jpa.open-in-view to disable this warning
15:51:25.555 [restartedMain] INFO  OptionalLiveReloadServer[startServer:59] - LiveReload server is running on port 35729
15:51:25.585 [restartedMain] INFO  Http11NioProtocol[log:173] - Starting ProtocolHandler ["http-nio-8080"]
15:51:25.619 [restartedMain] INFO  TomcatWebServer[start:220] - Tomcat started on port(s): 8080 (http) with context path ''
15:51:25.644 [restartedMain] INFO  NewspapersApplication[logStarted:57] - Started NewspapersApplication in 14.944 seconds (process running for 17.526)
15:52:00.320 [http-nio-8080-exec-2] INFO  [/][log:173] - Initializing Spring DispatcherServlet 'dispatcherServlet'
15:52:00.324 [http-nio-8080-exec-2] INFO  DispatcherServlet[initServletBean:532] - Initializing Servlet 'dispatcherServlet'
15:52:00.329 [http-nio-8080-exec-2] INFO  DispatcherServlet[initServletBean:554] - Completed initialization in 2 ms
16:43:22.265 [SpringApplicationShutdownHook] INFO  LocalContainerEntityManagerFactoryBean[destroy:650] - Closing JPA EntityManagerFactory for persistence unit 'default'
16:43:22.322 [SpringApplicationShutdownHook] INFO  HikariDataSource[close:350] - HikariPool-1 - Shutdown initiated...
16:43:22.339 [SpringApplicationShutdownHook] INFO  HikariDataSource[close:352] - HikariPool-1 - Shutdown completed.
16:48:10.379 [restartedMain] INFO  NewspapersApplication[logStarting:51] - Starting NewspapersApplication using Java 17.0.8 with PID 14280 (C:\Users\qdh1\Desktop\Newspapers\newspapers\Newspapers\target\classes started by huan in C:\Users\qdh1\Desktop\Newspapers)
16:48:10.385 [restartedMain] INFO  NewspapersApplication[logStartupProfileInfo:637] - No active profile set, falling back to 1 default profile: "default"
16:48:10.514 [restartedMain] INFO  DevToolsPropertyDefaultsPostProcessor[logTo:250] - Devtools property defaults active! Set 'spring.devtools.add-properties' to 'false' to disable
16:48:10.514 [restartedMain] INFO  DevToolsPropertyDefaultsPostProcessor[logTo:250] - For additional web related logging consider setting the 'logging.level.web' property to 'DEBUG'
16:48:12.067 [restartedMain] INFO  RepositoryConfigurationDelegate[registerRepositoriesIn:138] - Bootstrapping Spring Data JPA repositories in DEFAULT mode.
16:48:12.196 [restartedMain] INFO  RepositoryConfigurationDelegate[registerRepositoriesIn:208] - Finished Spring Data repository scanning in 111 ms. Found 2 JPA repository interfaces.
16:48:13.572 [restartedMain] INFO  TomcatWebServer[initialize:108] - Tomcat initialized with port(s): 8080 (http)
16:48:13.588 [restartedMain] INFO  Http11NioProtocol[log:173] - Initializing ProtocolHandler ["http-nio-8080"]
16:48:13.592 [restartedMain] INFO  StandardService[log:173] - Starting service [Tomcat]
16:48:13.593 [restartedMain] INFO  StandardEngine[log:173] - Starting Servlet engine: [Apache Tomcat/10.1.13]
16:48:13.751 [restartedMain] INFO  [/][log:173] - Initializing Spring embedded WebApplicationContext
16:48:13.753 [restartedMain] INFO  ServletWebServerApplicationContext[prepareWebApplicationContext:291] - Root WebApplicationContext: initialization completed in 3236 ms
16:48:14.118 [restartedMain] INFO  LogHelper[logPersistenceUnitInformation:31] - HHH000204: Processing PersistenceUnitInfo [name: default]
16:48:14.268 [restartedMain] INFO  Version[logVersion:44] - HHH000412: Hibernate ORM core version 6.2.9.Final
16:48:14.274 [restartedMain] INFO  Environment[<clinit>:191] - HHH000406: Using bytecode reflection optimizer
16:48:14.680 [restartedMain] INFO  BytecodeProviderInitiator[buildBytecodeProvider:53] - HHH000021: Bytecode provider name : bytebuddy
16:48:14.974 [restartedMain] INFO  SpringPersistenceUnitInfo[addTransformer:87] - No LoadTimeWeaver setup: ignoring JPA class transformer
16:48:15.019 [restartedMain] INFO  HikariDataSource[getConnection:110] - HikariPool-1 - Starting...
16:48:15.524 [restartedMain] INFO  HikariPool[checkFailFast:565] - HikariPool-1 - Added connection org.postgresql.jdbc.PgConnection@6726a481
16:48:15.526 [restartedMain] INFO  HikariDataSource[getConnection:123] - HikariPool-1 - Start completed.
16:48:16.263 [restartedMain] INFO  BytecodeProviderInitiator[buildBytecodeProvider:53] - HHH000021: Bytecode provider name : bytebuddy
16:48:17.584 [restartedMain] INFO  JtaPlatformInitiator[initiateService:51] - HHH000490: Using JtaPlatform implementation: [org.hibernate.engine.transaction.jta.platform.internal.NoJtaPlatform]
16:48:17.665 [restartedMain] INFO  LocalContainerEntityManagerFactoryBean[buildNativeEntityManagerFactory:437] - Initialized JPA EntityManagerFactory for persistence unit 'default'
16:48:18.705 [restartedMain] WARN  JpaBaseConfiguration$JpaWebConfiguration[openEntityManagerInViewInterceptor:231] - spring.jpa.open-in-view is enabled by default. Therefore, database queries may be performed during view rendering. Explicitly configure spring.jpa.open-in-view to disable this warning
16:48:19.368 [restartedMain] INFO  OptionalLiveReloadServer[startServer:59] - LiveReload server is running on port 35729
16:48:19.399 [restartedMain] INFO  Http11NioProtocol[log:173] - Starting ProtocolHandler ["http-nio-8080"]
16:48:19.429 [restartedMain] INFO  TomcatWebServer[start:220] - Tomcat started on port(s): 8080 (http) with context path ''
16:48:19.450 [restartedMain] INFO  NewspapersApplication[logStarted:57] - Started NewspapersApplication in 10.293 seconds (process running for 12.283)
16:48:29.153 [http-nio-8080-exec-1] INFO  [/][log:173] - Initializing Spring DispatcherServlet 'dispatcherServlet'
16:48:29.154 [http-nio-8080-exec-1] INFO  DispatcherServlet[initServletBean:532] - Initializing Servlet 'dispatcherServlet'
16:48:29.158 [http-nio-8080-exec-1] INFO  DispatcherServlet[initServletBean:554] - Completed initialization in 4 ms
16:48:30.569 [http-nio-8080-exec-9] INFO  AbstractOpenApiResource[getOpenApi:387] - Init duration for springdoc-openapi is: 307 ms
16:49:52.932 [File Watcher] INFO  LocalDevToolsAutoConfiguration$RestartingClassPathChangeChangedEventListener[onApplicationEvent:211] - Restarting due to 1 class path change (0 additions, 1 deletion, 0 modifications)
16:49:52.964 [Thread-5] INFO  Http11NioProtocol[log:173] - Pausing ProtocolHandler ["http-nio-8080"]
16:49:52.964 [Thread-5] INFO  StandardService[log:173] - Stopping service [Tomcat]
16:49:52.966 [Thread-5] INFO  [/][log:173] - Destroying Spring FrameworkServlet 'dispatcherServlet'
16:49:52.973 [Thread-5] INFO  Http11NioProtocol[log:173] - Stopping ProtocolHandler ["http-nio-8080"]
16:49:52.976 [Thread-5] INFO  Http11NioProtocol[log:173] - Destroying ProtocolHandler ["http-nio-8080"]
16:49:52.980 [Thread-5] INFO  LocalContainerEntityManagerFactoryBean[destroy:650] - Closing JPA EntityManagerFactory for persistence unit 'default'
16:49:53.057 [Thread-5] INFO  HikariDataSource[close:350] - HikariPool-1 - Shutdown initiated...
16:49:53.063 [Thread-5] INFO  HikariDataSource[close:352] - HikariPool-1 - Shutdown completed.
16:49:53.192 [restartedMain] INFO  NewspapersApplication[logStarting:51] - Starting NewspapersApplication using Java 17.0.8 with PID 14280 (C:\Users\qdh1\Desktop\Newspapers\newspapers\Newspapers\target\classes started by huan in C:\Users\qdh1\Desktop\Newspapers)
16:49:53.193 [restartedMain] INFO  NewspapersApplication[logStartupProfileInfo:637] - No active profile set, falling back to 1 default profile: "default"
16:49:53.657 [restartedMain] INFO  RepositoryConfigurationDelegate[registerRepositoriesIn:138] - Bootstrapping Spring Data JPA repositories in DEFAULT mode.
16:49:53.683 [restartedMain] INFO  RepositoryConfigurationDelegate[registerRepositoriesIn:208] - Finished Spring Data repository scanning in 25 ms. Found 2 JPA repository interfaces.
16:49:53.897 [restartedMain] INFO  TomcatWebServer[initialize:108] - Tomcat initialized with port(s): 8080 (http)
16:49:53.898 [restartedMain] INFO  Http11NioProtocol[log:173] - Initializing ProtocolHandler ["http-nio-8080"]
16:49:53.899 [restartedMain] INFO  StandardService[log:173] - Starting service [Tomcat]
16:49:53.899 [restartedMain] INFO  StandardEngine[log:173] - Starting Servlet engine: [Apache Tomcat/10.1.13]
16:49:53.939 [restartedMain] INFO  [/][log:173] - Initializing Spring embedded WebApplicationContext
16:49:53.939 [restartedMain] INFO  ServletWebServerApplicationContext[prepareWebApplicationContext:291] - Root WebApplicationContext: initialization completed in 741 ms
16:49:54.024 [restartedMain] INFO  LogHelper[logPersistenceUnitInformation:31] - HHH000204: Processing PersistenceUnitInfo [name: default]
16:49:54.044 [restartedMain] INFO  BytecodeProviderInitiator[buildBytecodeProvider:53] - HHH000021: Bytecode provider name : bytebuddy
16:49:54.044 [restartedMain] INFO  SpringPersistenceUnitInfo[addTransformer:87] - No LoadTimeWeaver setup: ignoring JPA class transformer
16:49:54.047 [restartedMain] INFO  HikariDataSource[getConnection:110] - HikariPool-2 - Starting...
16:49:54.170 [restartedMain] INFO  HikariPool[checkFailFast:565] - HikariPool-2 - Added connection org.postgresql.jdbc.PgConnection@2d98011a
16:49:54.171 [restartedMain] INFO  HikariDataSource[getConnection:123] - HikariPool-2 - Start completed.
16:49:54.232 [restartedMain] INFO  BytecodeProviderInitiator[buildBytecodeProvider:53] - HHH000021: Bytecode provider name : bytebuddy
16:49:54.280 [restartedMain] INFO  JtaPlatformInitiator[initiateService:51] - HHH000490: Using JtaPlatform implementation: [org.hibernate.engine.transaction.jta.platform.internal.NoJtaPlatform]
16:49:54.313 [restartedMain] INFO  LocalContainerEntityManagerFactoryBean[buildNativeEntityManagerFactory:437] - Initialized JPA EntityManagerFactory for persistence unit 'default'
16:49:54.664 [restartedMain] WARN  JpaBaseConfiguration$JpaWebConfiguration[openEntityManagerInViewInterceptor:231] - spring.jpa.open-in-view is enabled by default. Therefore, database queries may be performed during view rendering. Explicitly configure spring.jpa.open-in-view to disable this warning
16:49:55.063 [restartedMain] INFO  OptionalLiveReloadServer[startServer:59] - LiveReload server is running on port 35729
16:49:55.092 [restartedMain] INFO  Http11NioProtocol[log:173] - Starting ProtocolHandler ["http-nio-8080"]
16:49:55.098 [restartedMain] INFO  TomcatWebServer[start:220] - Tomcat started on port(s): 8080 (http) with context path ''
16:49:55.111 [restartedMain] INFO  NewspapersApplication[logStarted:57] - Started NewspapersApplication in 1.976 seconds (process running for 107.944)
16:49:55.116 [restartedMain] INFO  ConditionEvaluationDeltaLoggingListener[onApplicationEvent:63] - Condition evaluation unchanged
16:49:57.536 [File Watcher] INFO  LocalDevToolsAutoConfiguration$RestartingClassPathChangeChangedEventListener[onApplicationEvent:211] - Restarting due to 1 class path change (1 addition, 0 deletions, 0 modifications)
16:49:57.561 [Thread-7] INFO  Http11NioProtocol[log:173] - Pausing ProtocolHandler ["http-nio-8080"]
16:49:57.562 [Thread-7] INFO  StandardService[log:173] - Stopping service [Tomcat]
16:49:57.564 [Thread-7] INFO  Http11NioProtocol[log:173] - Stopping ProtocolHandler ["http-nio-8080"]
16:49:57.566 [Thread-7] INFO  Http11NioProtocol[log:173] - Destroying ProtocolHandler ["http-nio-8080"]
16:49:57.567 [Thread-7] INFO  LocalContainerEntityManagerFactoryBean[destroy:650] - Closing JPA EntityManagerFactory for persistence unit 'default'
16:49:57.568 [Thread-7] INFO  HikariDataSource[close:350] - HikariPool-2 - Shutdown initiated...
16:49:57.571 [Thread-7] INFO  HikariDataSource[close:352] - HikariPool-2 - Shutdown completed.
16:49:57.666 [restartedMain] INFO  NewspapersApplication[logStarting:51] - Starting NewspapersApplication using Java 17.0.8 with PID 14280 (C:\Users\qdh1\Desktop\Newspapers\newspapers\Newspapers\target\classes started by huan in C:\Users\qdh1\Desktop\Newspapers)
16:49:57.666 [restartedMain] INFO  NewspapersApplication[logStartupProfileInfo:637] - No active profile set, falling back to 1 default profile: "default"
16:49:58.055 [restartedMain] INFO  RepositoryConfigurationDelegate[registerRepositoriesIn:138] - Bootstrapping Spring Data JPA repositories in DEFAULT mode.
16:49:58.076 [restartedMain] INFO  RepositoryConfigurationDelegate[registerRepositoriesIn:208] - Finished Spring Data repository scanning in 19 ms. Found 2 JPA repository interfaces.
16:49:58.196 [restartedMain] INFO  TomcatWebServer[initialize:108] - Tomcat initialized with port(s): 8080 (http)
16:49:58.197 [restartedMain] INFO  Http11NioProtocol[log:173] - Initializing ProtocolHandler ["http-nio-8080"]
16:49:58.198 [restartedMain] INFO  StandardService[log:173] - Starting service [Tomcat]
16:49:58.198 [restartedMain] INFO  StandardEngine[log:173] - Starting Servlet engine: [Apache Tomcat/10.1.13]
16:49:58.230 [restartedMain] INFO  [/][log:173] - Initializing Spring embedded WebApplicationContext
16:49:58.230 [restartedMain] INFO  ServletWebServerApplicationContext[prepareWebApplicationContext:291] - Root WebApplicationContext: initialization completed in 561 ms
16:49:58.302 [restartedMain] INFO  LogHelper[logPersistenceUnitInformation:31] - HHH000204: Processing PersistenceUnitInfo [name: default]
16:49:58.318 [restartedMain] INFO  BytecodeProviderInitiator[buildBytecodeProvider:53] - HHH000021: Bytecode provider name : bytebuddy
16:49:58.319 [restartedMain] INFO  SpringPersistenceUnitInfo[addTransformer:87] - No LoadTimeWeaver setup: ignoring JPA class transformer
16:49:58.321 [restartedMain] INFO  HikariDataSource[getConnection:110] - HikariPool-3 - Starting...
16:49:58.510 [restartedMain] INFO  HikariPool[checkFailFast:565] - HikariPool-3 - Added connection org.postgresql.jdbc.PgConnection@7a6f08ae
16:49:58.511 [restartedMain] INFO  HikariDataSource[getConnection:123] - HikariPool-3 - Start completed.
16:49:58.560 [restartedMain] INFO  BytecodeProviderInitiator[buildBytecodeProvider:53] - HHH000021: Bytecode provider name : bytebuddy
16:49:58.600 [restartedMain] INFO  JtaPlatformInitiator[initiateService:51] - HHH000490: Using JtaPlatform implementation: [org.hibernate.engine.transaction.jta.platform.internal.NoJtaPlatform]
16:49:58.620 [restartedMain] INFO  LocalContainerEntityManagerFactoryBean[buildNativeEntityManagerFactory:437] - Initialized JPA EntityManagerFactory for persistence unit 'default'
16:49:58.787 [restartedMain] WARN  JpaBaseConfiguration$JpaWebConfiguration[openEntityManagerInViewInterceptor:231] - spring.jpa.open-in-view is enabled by default. Therefore, database queries may be performed during view rendering. Explicitly configure spring.jpa.open-in-view to disable this warning
16:49:58.954 [restartedMain] INFO  OptionalLiveReloadServer[startServer:59] - LiveReload server is running on port 35729
16:49:58.965 [restartedMain] INFO  Http11NioProtocol[log:173] - Starting ProtocolHandler ["http-nio-8080"]
16:49:59.589 [restartedMain] INFO  TomcatWebServer[start:220] - Tomcat started on port(s): 8080 (http) with context path ''
16:49:59.602 [restartedMain] INFO  NewspapersApplication[logStarted:57] - Started NewspapersApplication in 1.974 seconds (process running for 112.435)
16:49:59.604 [restartedMain] INFO  ConditionEvaluationDeltaLoggingListener[onApplicationEvent:63] - Condition evaluation unchanged
16:50:31.722 [http-nio-8080-exec-1] INFO  [/][log:173] - Initializing Spring DispatcherServlet 'dispatcherServlet'
16:50:31.722 [http-nio-8080-exec-1] INFO  DispatcherServlet[initServletBean:532] - Initializing Servlet 'dispatcherServlet'
16:50:31.724 [http-nio-8080-exec-1] INFO  DispatcherServlet[initServletBean:554] - Completed initialization in 1 ms
16:50:32.985 [http-nio-8080-exec-6] INFO  AbstractOpenApiResource[getOpenApi:387] - Init duration for springdoc-openapi is: 902 ms
16:50:34.285 [File Watcher] INFO  LocalDevToolsAutoConfiguration$RestartingClassPathChangeChangedEventListener[onApplicationEvent:211] - Restarting due to 1 class path change (0 additions, 0 deletions, 1 modification)
16:50:34.305 [Thread-11] INFO  Http11NioProtocol[log:173] - Pausing ProtocolHandler ["http-nio-8080"]
16:50:34.305 [Thread-11] INFO  StandardService[log:173] - Stopping service [Tomcat]
16:50:34.305 [Thread-11] INFO  [/][log:173] - Destroying Spring FrameworkServlet 'dispatcherServlet'
16:50:34.307 [Thread-11] INFO  Http11NioProtocol[log:173] - Stopping ProtocolHandler ["http-nio-8080"]
16:50:34.309 [Thread-11] INFO  Http11NioProtocol[log:173] - Destroying ProtocolHandler ["http-nio-8080"]
16:50:34.311 [Thread-11] INFO  LocalContainerEntityManagerFactoryBean[destroy:650] - Closing JPA EntityManagerFactory for persistence unit 'default'
16:50:34.312 [Thread-11] INFO  HikariDataSource[close:350] - HikariPool-3 - Shutdown initiated...
16:50:34.315 [Thread-11] INFO  HikariDataSource[close:352] - HikariPool-3 - Shutdown completed.
16:50:34.407 [restartedMain] INFO  NewspapersApplication[logStarting:51] - Starting NewspapersApplication using Java 17.0.8 with PID 14280 (C:\Users\qdh1\Desktop\Newspapers\newspapers\Newspapers\target\classes started by huan in C:\Users\qdh1\Desktop\Newspapers)
16:50:34.408 [restartedMain] INFO  NewspapersApplication[logStartupProfileInfo:637] - No active profile set, falling back to 1 default profile: "default"
16:50:34.777 [restartedMain] INFO  RepositoryConfigurationDelegate[registerRepositoriesIn:138] - Bootstrapping Spring Data JPA repositories in DEFAULT mode.
16:50:34.794 [restartedMain] INFO  RepositoryConfigurationDelegate[registerRepositoriesIn:208] - Finished Spring Data repository scanning in 16 ms. Found 2 JPA repository interfaces.
16:50:34.926 [restartedMain] INFO  TomcatWebServer[initialize:108] - Tomcat initialized with port(s): 8080 (http)
16:50:34.926 [restartedMain] INFO  Http11NioProtocol[log:173] - Initializing ProtocolHandler ["http-nio-8080"]
16:50:34.927 [restartedMain] INFO  StandardService[log:173] - Starting service [Tomcat]
16:50:34.927 [restartedMain] INFO  StandardEngine[log:173] - Starting Servlet engine: [Apache Tomcat/10.1.13]
16:50:34.957 [restartedMain] INFO  [/][log:173] - Initializing Spring embedded WebApplicationContext
16:50:34.958 [restartedMain] INFO  ServletWebServerApplicationContext[prepareWebApplicationContext:291] - Root WebApplicationContext: initialization completed in 547 ms
16:50:35.021 [restartedMain] INFO  LogHelper[logPersistenceUnitInformation:31] - HHH000204: Processing PersistenceUnitInfo [name: default]
16:50:35.035 [restartedMain] INFO  BytecodeProviderInitiator[buildBytecodeProvider:53] - HHH000021: Bytecode provider name : bytebuddy
16:50:35.035 [restartedMain] INFO  SpringPersistenceUnitInfo[addTransformer:87] - No LoadTimeWeaver setup: ignoring JPA class transformer
16:50:35.036 [restartedMain] INFO  HikariDataSource[getConnection:110] - HikariPool-4 - Starting...
16:50:35.125 [restartedMain] INFO  HikariPool[checkFailFast:565] - HikariPool-4 - Added connection org.postgresql.jdbc.PgConnection@40699cbd
16:50:35.126 [restartedMain] INFO  HikariDataSource[getConnection:123] - HikariPool-4 - Start completed.
16:50:35.174 [restartedMain] INFO  BytecodeProviderInitiator[buildBytecodeProvider:53] - HHH000021: Bytecode provider name : bytebuddy
16:50:35.211 [restartedMain] INFO  JtaPlatformInitiator[initiateService:51] - HHH000490: Using JtaPlatform implementation: [org.hibernate.engine.transaction.jta.platform.internal.NoJtaPlatform]
16:50:35.243 [restartedMain] INFO  LocalContainerEntityManagerFactoryBean[buildNativeEntityManagerFactory:437] - Initialized JPA EntityManagerFactory for persistence unit 'default'
16:50:35.408 [restartedMain] WARN  JpaBaseConfiguration$JpaWebConfiguration[openEntityManagerInViewInterceptor:231] - spring.jpa.open-in-view is enabled by default. Therefore, database queries may be performed during view rendering. Explicitly configure spring.jpa.open-in-view to disable this warning
16:50:35.779 [restartedMain] INFO  OptionalLiveReloadServer[startServer:59] - LiveReload server is running on port 35729
16:50:35.792 [restartedMain] INFO  Http11NioProtocol[log:173] - Starting ProtocolHandler ["http-nio-8080"]
16:50:35.796 [restartedMain] INFO  TomcatWebServer[start:220] - Tomcat started on port(s): 8080 (http) with context path ''
16:50:35.805 [restartedMain] INFO  NewspapersApplication[logStarted:57] - Started NewspapersApplication in 1.443 seconds (process running for 148.639)
16:50:35.807 [restartedMain] INFO  ConditionEvaluationDeltaLoggingListener[onApplicationEvent:63] - Condition evaluation unchanged
16:51:42.468 [SpringApplicationShutdownHook] INFO  LocalContainerEntityManagerFactoryBean[destroy:650] - Closing JPA EntityManagerFactory for persistence unit 'default'
16:51:42.469 [SpringApplicationShutdownHook] INFO  HikariDataSource[close:350] - HikariPool-4 - Shutdown initiated...
16:51:42.473 [SpringApplicationShutdownHook] INFO  HikariDataSource[close:352] - HikariPool-4 - Shutdown completed.
16:51:51.760 [restartedMain] INFO  NewspapersApplication[logStarting:51] - Starting NewspapersApplication using Java 17.0.8 with PID 24676 (C:\Users\qdh1\Desktop\Newspapers\newspapers\Newspapers\target\classes started by huan in C:\Users\qdh1\Desktop\Newspapers)
16:51:51.765 [restartedMain] INFO  NewspapersApplication[logStartupProfileInfo:637] - No active profile set, falling back to 1 default profile: "default"
16:51:51.886 [restartedMain] INFO  DevToolsPropertyDefaultsPostProcessor[logTo:250] - Devtools property defaults active! Set 'spring.devtools.add-properties' to 'false' to disable
16:51:51.887 [restartedMain] INFO  DevToolsPropertyDefaultsPostProcessor[logTo:250] - For additional web related logging consider setting the 'logging.level.web' property to 'DEBUG'
16:51:53.236 [restartedMain] INFO  RepositoryConfigurationDelegate[registerRepositoriesIn:138] - Bootstrapping Spring Data JPA repositories in DEFAULT mode.
16:51:53.320 [restartedMain] INFO  RepositoryConfigurationDelegate[registerRepositoriesIn:208] - Finished Spring Data repository scanning in 73 ms. Found 2 JPA repository interfaces.
16:51:54.011 [restartedMain] INFO  TomcatWebServer[initialize:108] - Tomcat initialized with port(s): 8080 (http)
16:51:54.020 [restartedMain] INFO  Http11NioProtocol[log:173] - Initializing ProtocolHandler ["http-nio-8080"]
16:51:54.022 [restartedMain] INFO  StandardService[log:173] - Starting service [Tomcat]
16:51:54.023 [restartedMain] INFO  StandardEngine[log:173] - Starting Servlet engine: [Apache Tomcat/10.1.13]
16:51:54.104 [restartedMain] INFO  [/][log:173] - Initializing Spring embedded WebApplicationContext
16:51:54.105 [restartedMain] INFO  ServletWebServerApplicationContext[prepareWebApplicationContext:291] - Root WebApplicationContext: initialization completed in 2215 ms
16:51:54.285 [restartedMain] INFO  LogHelper[logPersistenceUnitInformation:31] - HHH000204: Processing PersistenceUnitInfo [name: default]
16:51:54.377 [restartedMain] INFO  Version[logVersion:44] - HHH000412: Hibernate ORM core version 6.2.9.Final
16:51:54.381 [restartedMain] INFO  Environment[<clinit>:191] - HHH000406: Using bytecode reflection optimizer
16:51:54.957 [restartedMain] INFO  BytecodeProviderInitiator[buildBytecodeProvider:53] - HHH000021: Bytecode provider name : bytebuddy
16:51:55.355 [restartedMain] INFO  SpringPersistenceUnitInfo[addTransformer:87] - No LoadTimeWeaver setup: ignoring JPA class transformer
16:51:55.394 [restartedMain] INFO  HikariDataSource[getConnection:110] - HikariPool-1 - Starting...
16:51:55.777 [restartedMain] INFO  HikariPool[checkFailFast:565] - HikariPool-1 - Added connection org.postgresql.jdbc.PgConnection@47270bc
16:51:55.780 [restartedMain] INFO  HikariDataSource[getConnection:123] - HikariPool-1 - Start completed.
16:51:56.547 [restartedMain] INFO  BytecodeProviderInitiator[buildBytecodeProvider:53] - HHH000021: Bytecode provider name : bytebuddy
16:51:58.281 [restartedMain] INFO  JtaPlatformInitiator[initiateService:51] - HHH000490: Using JtaPlatform implementation: [org.hibernate.engine.transaction.jta.platform.internal.NoJtaPlatform]
16:51:58.365 [restartedMain] INFO  LocalContainerEntityManagerFactoryBean[buildNativeEntityManagerFactory:437] - Initialized JPA EntityManagerFactory for persistence unit 'default'
16:51:59.321 [restartedMain] WARN  JpaBaseConfiguration$JpaWebConfiguration[openEntityManagerInViewInterceptor:231] - spring.jpa.open-in-view is enabled by default. Therefore, database queries may be performed during view rendering. Explicitly configure spring.jpa.open-in-view to disable this warning
16:51:59.966 [restartedMain] INFO  OptionalLiveReloadServer[startServer:59] - LiveReload server is running on port 35729
16:51:59.997 [restartedMain] INFO  Http11NioProtocol[log:173] - Starting ProtocolHandler ["http-nio-8080"]
16:52:00.034 [restartedMain] INFO  TomcatWebServer[start:220] - Tomcat started on port(s): 8080 (http) with context path ''
16:52:00.057 [restartedMain] INFO  NewspapersApplication[logStarted:57] - Started NewspapersApplication in 9.467 seconds (process running for 11.138)
16:54:49.049 [http-nio-8080-exec-1] INFO  [/][log:173] - Initializing Spring DispatcherServlet 'dispatcherServlet'
16:54:49.049 [http-nio-8080-exec-1] INFO  DispatcherServlet[initServletBean:532] - Initializing Servlet 'dispatcherServlet'
16:54:49.051 [http-nio-8080-exec-1] INFO  DispatcherServlet[initServletBean:554] - Completed initialization in 2 ms
16:54:49.535 [http-nio-8080-exec-4] INFO  AbstractOpenApiResource[getOpenApi:387] - Init duration for springdoc-openapi is: 275 ms
16:56:41.151 [SpringApplicationShutdownHook] INFO  LocalContainerEntityManagerFactoryBean[destroy:650] - Closing JPA EntityManagerFactory for persistence unit 'default'
16:56:41.154 [SpringApplicationShutdownHook] INFO  HikariDataSource[close:350] - HikariPool-1 - Shutdown initiated...
16:56:41.157 [SpringApplicationShutdownHook] INFO  HikariDataSource[close:352] - HikariPool-1 - Shutdown completed.
16:56:47.541 [restartedMain] INFO  NewspapersApplication[logStarting:51] - Starting NewspapersApplication using Java 17.0.8 with PID 16756 (C:\Users\qdh1\Desktop\Newspapers\newspapers\Newspapers\target\classes started by huan in C:\Users\qdh1\Desktop\Newspapers)
16:56:47.545 [restartedMain] INFO  NewspapersApplication[logStartupProfileInfo:637] - No active profile set, falling back to 1 default profile: "default"
16:56:47.611 [restartedMain] INFO  DevToolsPropertyDefaultsPostProcessor[logTo:250] - Devtools property defaults active! Set 'spring.devtools.add-properties' to 'false' to disable
16:56:47.612 [restartedMain] INFO  DevToolsPropertyDefaultsPostProcessor[logTo:250] - For additional web related logging consider setting the 'logging.level.web' property to 'DEBUG'
16:56:49.222 [restartedMain] INFO  RepositoryConfigurationDelegate[registerRepositoriesIn:138] - Bootstrapping Spring Data JPA repositories in DEFAULT mode.
16:56:49.503 [restartedMain] INFO  RepositoryConfigurationDelegate[registerRepositoriesIn:208] - Finished Spring Data repository scanning in 251 ms. Found 2 JPA repository interfaces.
16:56:51.852 [restartedMain] INFO  TomcatWebServer[initialize:108] - Tomcat initialized with port(s): 8080 (http)
16:56:51.892 [restartedMain] INFO  Http11NioProtocol[log:173] - Initializing ProtocolHandler ["http-nio-8080"]
16:56:51.896 [restartedMain] INFO  StandardService[log:173] - Starting service [Tomcat]
16:56:51.897 [restartedMain] INFO  StandardEngine[log:173] - Starting Servlet engine: [Apache Tomcat/10.1.13]
16:56:52.338 [restartedMain] INFO  [/][log:173] - Initializing Spring embedded WebApplicationContext
16:56:52.341 [restartedMain] INFO  ServletWebServerApplicationContext[prepareWebApplicationContext:291] - Root WebApplicationContext: initialization completed in 4726 ms
16:56:53.226 [restartedMain] INFO  LogHelper[logPersistenceUnitInformation:31] - HHH000204: Processing PersistenceUnitInfo [name: default]
16:56:53.447 [restartedMain] INFO  Version[logVersion:44] - HHH000412: Hibernate ORM core version 6.2.9.Final
16:56:53.454 [restartedMain] INFO  Environment[<clinit>:191] - HHH000406: Using bytecode reflection optimizer
16:56:54.727 [restartedMain] INFO  BytecodeProviderInitiator[buildBytecodeProvider:53] - HHH000021: Bytecode provider name : bytebuddy
16:56:56.375 [restartedMain] INFO  SpringPersistenceUnitInfo[addTransformer:87] - No LoadTimeWeaver setup: ignoring JPA class transformer
16:56:56.513 [restartedMain] INFO  HikariDataSource[getConnection:110] - HikariPool-1 - Starting...
16:56:57.544 [restartedMain] INFO  HikariPool[checkFailFast:565] - HikariPool-1 - Added connection org.postgresql.jdbc.PgConnection@34f6f619
16:56:57.549 [restartedMain] INFO  HikariDataSource[getConnection:123] - HikariPool-1 - Start completed.
16:56:59.703 [restartedMain] INFO  BytecodeProviderInitiator[buildBytecodeProvider:53] - HHH000021: Bytecode provider name : bytebuddy
16:57:01.531 [restartedMain] INFO  JtaPlatformInitiator[initiateService:51] - HHH000490: Using JtaPlatform implementation: [org.hibernate.engine.transaction.jta.platform.internal.NoJtaPlatform]
16:57:01.684 [restartedMain] INFO  LocalContainerEntityManagerFactoryBean[buildNativeEntityManagerFactory:437] - Initialized JPA EntityManagerFactory for persistence unit 'default'
16:57:03.487 [restartedMain] WARN  JpaBaseConfiguration$JpaWebConfiguration[openEntityManagerInViewInterceptor:231] - spring.jpa.open-in-view is enabled by default. Therefore, database queries may be performed during view rendering. Explicitly configure spring.jpa.open-in-view to disable this warning
16:57:05.176 [restartedMain] INFO  OptionalLiveReloadServer[startServer:59] - LiveReload server is running on port 35729
16:57:05.241 [restartedMain] INFO  Http11NioProtocol[log:173] - Starting ProtocolHandler ["http-nio-8080"]
16:57:05.297 [restartedMain] INFO  TomcatWebServer[start:220] - Tomcat started on port(s): 8080 (http) with context path ''
16:57:05.339 [restartedMain] INFO  NewspapersApplication[logStarted:57] - Started NewspapersApplication in 18.483 seconds (process running for 19.603)
16:57:48.510 [http-nio-8080-exec-1] INFO  [/][log:173] - Initializing Spring DispatcherServlet 'dispatcherServlet'
16:57:48.511 [http-nio-8080-exec-1] INFO  DispatcherServlet[initServletBean:532] - Initializing Servlet 'dispatcherServlet'
16:57:48.512 [http-nio-8080-exec-1] INFO  DispatcherServlet[initServletBean:554] - Completed initialization in 1 ms
16:57:49.176 [http-nio-8080-exec-6] INFO  AbstractOpenApiResource[getOpenApi:387] - Init duration for springdoc-openapi is: 361 ms
16:58:02.250 [SpringApplicationShutdownHook] INFO  LocalContainerEntityManagerFactoryBean[destroy:650] - Closing JPA EntityManagerFactory for persistence unit 'default'
16:58:02.256 [SpringApplicationShutdownHook] INFO  HikariDataSource[close:350] - HikariPool-1 - Shutdown initiated...
16:58:02.260 [SpringApplicationShutdownHook] INFO  HikariDataSource[close:352] - HikariPool-1 - Shutdown completed.
